{
  "RSpec": {
    "coverage": {
      "/home/giovanni/Desktop/Craft Academy/4th Week/unter_platform/spec/spec_helper.rb": [
        1,
        null,
        1,
        1,
        null,
        null,
        1,
        1,
        null,
        null,
        1,
        null,
        null
      ],
      "/home/giovanni/Desktop/Craft Academy/4th Week/unter_platform/config/environment.rb": [
        null,
        1,
        null,
        null,
        1
      ],
      "/home/giovanni/Desktop/Craft Academy/4th Week/unter_platform/config/application.rb": [
        1,
        null,
        1,
        null,
        1,
        1,
        1,
        1,
        1,
        1,
        1,
        1,
        1,
        1,
        null,
        null,
        null,
        null,
        null,
        1,
        null,
        1,
        1,
        null,
        1,
        1,
        null,
        null,
        null,
        null,
        1,
        1,
        1,
        1,
        1,
        1,
        1,
        1,
        null,
        null,
        1,
        1,
        1,
        1,
        null,
        null,
        null,
        null,
        null,
        null
      ],
      "/home/giovanni/Desktop/Craft Academy/4th Week/unter_platform/config/boot.rb": [
        1,
        null,
        1,
        1
      ],
      "/home/giovanni/Desktop/Craft Academy/4th Week/unter_platform/config/environments/test.rb": [
        1,
        null,
        null,
        null,
        null,
        null,
        null,
        1,
        null,
        null,
        1,
        1,
        null,
        null,
        null,
        null,
        1,
        null,
        null,
        1,
        1,
        null,
        null,
        null,
        null,
        1,
        1,
        1,
        null,
        null,
        1,
        null,
        null,
        1,
        null,
        null,
        1,
        null,
        1,
        null,
        null,
        null,
        null,
        1,
        null,
        null,
        1,
        null,
        null,
        1,
        null,
        null,
        1,
        null,
        null,
        null,
        null,
        null,
        null,
        null
      ],
      "/home/giovanni/Desktop/Craft Academy/4th Week/unter_platform/config/initializers/application_controller_renderer.rb": [
        null,
        null,
        null,
        null,
        null,
        null,
        null,
        null
      ],
      "/home/giovanni/Desktop/Craft Academy/4th Week/unter_platform/config/initializers/backtrace_silencers.rb": [
        null,
        null,
        null,
        null,
        null,
        null,
        null,
        1
      ],
      "/home/giovanni/Desktop/Craft Academy/4th Week/unter_platform/config/initializers/cors.rb": [
        null,
        null,
        null,
        null,
        null,
        null,
        null,
        null,
        null,
        null,
        null,
        null,
        null,
        null,
        null,
        null
      ],
      "/home/giovanni/Desktop/Craft Academy/4th Week/unter_platform/config/initializers/filter_parameter_logging.rb": [
        null,
        null,
        null,
        1,
        null,
        null
      ],
      "/home/giovanni/Desktop/Craft Academy/4th Week/unter_platform/config/initializers/inflections.rb": [
        null,
        null,
        null,
        null,
        null,
        null,
        null,
        null,
        null,
        null,
        null,
        null,
        null,
        null,
        null,
        null
      ],
      "/home/giovanni/Desktop/Craft Academy/4th Week/unter_platform/config/initializers/mime_types.rb": [
        null,
        null,
        null,
        null
      ],
      "/home/giovanni/Desktop/Craft Academy/4th Week/unter_platform/config/initializers/wrap_parameters.rb": [
        null,
        null,
        null,
        null,
        null,
        null,
        1,
        1,
        null,
        null,
        null,
        null,
        null,
        null
      ],
      "/home/giovanni/Desktop/Craft Academy/4th Week/unter_platform/config/routes.rb": [
        1,
        null,
        null
      ],
      "/home/giovanni/Desktop/Craft Academy/4th Week/unter_platform/spec/support/response_json.rb": [
        1,
        1,
        0,
        null,
        null
      ],
      "/home/giovanni/Desktop/Craft Academy/4th Week/unter_platform/spec/support/shoulda_matchers.rb": [
        1,
        1,
        1,
        1,
        null,
        null
      ]
    },
    "timestamp": 1638650587
  }
}
